This is pdfTeX, Version 3.14159265-2.6-1.40.16 (TeX Live 2015) (preloaded format=pdflatex 2015.5.24)  25 MAY 2016 03:38
entering extended mode
 restricted \write18 enabled.
 %&-line parsing enabled.
**template.tex
(./template.tex
LaTeX2e <2015/01/01>
Babel <3.9l> and hyphenation patterns for 79 languages loaded.
(./configure.tex (/usr/local/texlive/2015/texmf-dist/tex/latex/base/report.cls
Document Class: report 2014/09/29 v1.4h Standard LaTeX document class
(/usr/local/texlive/2015/texmf-dist/tex/latex/base/size12.clo
File: size12.clo 2014/09/29 v1.4h Standard LaTeX file (size option)
)
\c@part=\count79
\c@chapter=\count80
\c@section=\count81
\c@subsection=\count82
\c@subsubsection=\count83
\c@paragraph=\count84
\c@subparagraph=\count85
\c@figure=\count86
\c@table=\count87
\abovecaptionskip=\skip41
\belowcaptionskip=\skip42
\bibindent=\dimen102
)
(/usr/local/texlive/2015/texmf-dist/tex/latex/amsfonts/amssymb.sty
Package: amssymb 2013/01/14 v3.01 AMS font symbols

(/usr/local/texlive/2015/texmf-dist/tex/latex/amsfonts/amsfonts.sty
Package: amsfonts 2013/01/14 v3.01 Basic AMSFonts support
\@emptytoks=\toks14
\symAMSa=\mathgroup4
\symAMSb=\mathgroup5
LaTeX Font Info:    Overwriting math alphabet `\mathfrak' in version `bold'
(Font)                  U/euf/m/n --> U/euf/b/n on input line 106.
))
(/usr/local/texlive/2015/texmf-dist/tex/latex/amsmath/amsmath.sty
Package: amsmath 2013/01/14 v2.14 AMS math features
\@mathmargin=\skip43

For additional information on amsmath, use the `?' option.
(/usr/local/texlive/2015/texmf-dist/tex/latex/amsmath/amstext.sty
Package: amstext 2000/06/29 v2.01

(/usr/local/texlive/2015/texmf-dist/tex/latex/amsmath/amsgen.sty
File: amsgen.sty 1999/11/30 v2.0
\@emptytoks=\toks15
\ex@=\dimen103
))
(/usr/local/texlive/2015/texmf-dist/tex/latex/amsmath/amsbsy.sty
Package: amsbsy 1999/11/29 v1.2d
\pmbraise@=\dimen104
)
(/usr/local/texlive/2015/texmf-dist/tex/latex/amsmath/amsopn.sty
Package: amsopn 1999/12/14 v2.01 operator names
)
\inf@bad=\count88
LaTeX Info: Redefining \frac on input line 210.
\uproot@=\count89
\leftroot@=\count90
LaTeX Info: Redefining \overline on input line 306.
\classnum@=\count91
\DOTSCASE@=\count92
LaTeX Info: Redefining \ldots on input line 378.
LaTeX Info: Redefining \dots on input line 381.
LaTeX Info: Redefining \cdots on input line 466.
\Mathstrutbox@=\box26
\strutbox@=\box27
\big@size=\dimen105
LaTeX Font Info:    Redeclaring font encoding OML on input line 566.
LaTeX Font Info:    Redeclaring font encoding OMS on input line 567.
\macc@depth=\count93
\c@MaxMatrixCols=\count94
\dotsspace@=\muskip10
\c@parentequation=\count95
\dspbrk@lvl=\count96
\tag@help=\toks16
\row@=\count97
\column@=\count98
\maxfields@=\count99
\andhelp@=\toks17
\eqnshift@=\dimen106
\alignsep@=\dimen107
\tagshift@=\dimen108
\tagwidth@=\dimen109
\totwidth@=\dimen110
\lineht@=\dimen111
\@envbody=\toks18
\multlinegap=\skip44
\multlinetaggap=\skip45
\mathdisplay@stack=\toks19
LaTeX Info: Redefining \[ on input line 2665.
LaTeX Info: Redefining \] on input line 2666.
)
(/usr/local/texlive/2015/texmf-dist/tex/latex/amscls/amsthm.sty
Package: amsthm 2015/03/04 v2.20.2
\thm@style=\toks20
\thm@bodyfont=\toks21
\thm@headfont=\toks22
\thm@notefont=\toks23
\thm@headpunct=\toks24
\thm@preskip=\skip46
\thm@postskip=\skip47
\thm@headsep=\skip48
\dth@everypar=\toks25
)
(/usr/local/texlive/2015/texmf-dist/tex/latex/algorithm2e/algorithm2e.sty
Package: algorithm2e 2013/01/06 v5.00 algorithms environments
\c@AlgoLine=\count100

(/usr/local/texlive/2015/texmf-dist/tex/latex/base/ifthen.sty
Package: ifthen 2014/09/29 v1.1c Standard LaTeX ifthen package (DPC)
)
(/usr/local/texlive/2015/texmf-dist/tex/latex/tools/xspace.sty
Package: xspace 2014/10/28 v1.13 Space after command names (DPC,MH)
)
(/usr/local/texlive/2015/texmf-dist/tex/latex/relsize/relsize.sty
Package: relsize 2013/03/29 ver 4.1
)
********************************************************
Package `algorithm2e' Release 5.0 -- january 06 2013 --
- algorithm2e-announce@lirmm.fr mailing list for announcement about releases
- algorithm2e-discussion@lirmm.fr mailing list for discussion about package
subscribe by emailing sympa@lirmm.fr with 'subscribe <list> <firstname name>'
- Author: Christophe Fiorio (cfiorio@um2.fr)
********************************************************
\skiptotal=\skip49
\skiplinenumber=\skip50
\skiprule=\skip51
\skiphlne=\skip52
\skiptext=\skip53
\skiplength=\skip54
\algomargin=\skip55
\skipalgocfslide=\skip56
\algowidth=\dimen112
\inoutsize=\dimen113
\inoutindent=\dimen114
\interspacetitleruled=\dimen115
\interspacealgoruled=\dimen116
\interspacetitleboxruled=\dimen117
\algocf@inoutbox=\box28
\algocf@inputbox=\box29
\AlCapSkip=\skip57
\AlCapHSkip=\skip58
\algoskipindent=\skip59
\algocf@nlbox=\box30
\algocf@hangingbox=\box31
\algocf@untilbox=\box32
\algocf@skipuntil=\skip60
\algocf@capbox=\box33
\algoheightruledefault=\skip61
\algoheightrule=\skip62
\algotitleheightruledefault=\skip63
\algotitleheightrule=\skip64
\c@algocfline=\count101
\c@algocfproc=\count102
\c@algocf=\count103
\algocf@algoframe=\box34
\algocf@algobox=\box35
) (/usr/local/texlive/2015/texmf-dist/tex/latex/graphics/color.sty
Package: color 2014/10/28 v1.1a Standard LaTeX Color (DPC)

(/usr/local/texlive/2015/texmf-dist/tex/latex/latexconfig/color.cfg
File: color.cfg 2007/01/18 v1.5 color configuration of teTeX/TeXLive
)
Package color Info: Driver file: pdftex.def on input line 142.

(/usr/local/texlive/2015/texmf-dist/tex/latex/pdftex-def/pdftex.def
File: pdftex.def 2011/05/27 v0.06d Graphics/color for pdfTeX

(/usr/local/texlive/2015/texmf-dist/tex/generic/oberdiek/infwarerr.sty
Package: infwarerr 2010/04/08 v1.3 Providing info/warning/error messages (HO)
)
(/usr/local/texlive/2015/texmf-dist/tex/generic/oberdiek/ltxcmds.sty
Package: ltxcmds 2011/11/09 v1.22 LaTeX kernel commands for general use (HO)
)
\Gread@gobject=\count104
))
(/usr/local/texlive/2015/texmf-dist/tex/latex/graphics/graphicx.sty
Package: graphicx 2014/10/28 v1.0g Enhanced LaTeX Graphics (DPC,SPQR)

(/usr/local/texlive/2015/texmf-dist/tex/latex/graphics/keyval.sty
Package: keyval 2014/10/28 v1.15 key=value parser (DPC)
\KV@toks@=\toks26
)
(/usr/local/texlive/2015/texmf-dist/tex/latex/graphics/graphics.sty
Package: graphics 2014/10/28 v1.0p Standard LaTeX Graphics (DPC,SPQR)

(/usr/local/texlive/2015/texmf-dist/tex/latex/graphics/trig.sty
Package: trig 1999/03/16 v1.09 sin cos tan (DPC)
)
(/usr/local/texlive/2015/texmf-dist/tex/latex/latexconfig/graphics.cfg
File: graphics.cfg 2010/04/23 v1.9 graphics configuration of TeX Live
)
Package graphics Info: Driver file: pdftex.def on input line 94.
)
\Gin@req@height=\dimen118
\Gin@req@width=\dimen119
)
(/usr/local/texlive/2015/texmf-dist/tex/latex/caption/caption.sty
Package: caption 2013/05/02 v3.3-89 Customizing captions (AR)

(/usr/local/texlive/2015/texmf-dist/tex/latex/caption/caption3.sty
Package: caption3 2013/05/02 v1.6-88 caption3 kernel (AR)
Package caption3 Info: TeX engine: e-TeX on input line 57.
\captionmargin=\dimen120
\captionmargin@=\dimen121
\captionwidth=\dimen122
\caption@tempdima=\dimen123
\caption@indent=\dimen124
\caption@parindent=\dimen125
\caption@hangindent=\dimen126
)
\c@ContinuedFloat=\count105
)
(/usr/local/texlive/2015/texmf-dist/tex/latex/caption/subcaption.sty
Package: subcaption 2013/02/03 v1.1-62 Sub-captions (AR)
\c@subfigure=\count106
\c@subtable=\count107
)
(/usr/local/texlive/2015/texmf-dist/tex/latex/multirow/multirow.sty
\bigstrutjot=\dimen127
)
(/usr/local/texlive/2015/texmf-dist/tex/latex/booktabs/booktabs.sty
Package: booktabs 2005/04/14 v1.61803 publication quality tables
\heavyrulewidth=\dimen128
\lightrulewidth=\dimen129
\cmidrulewidth=\dimen130
\belowrulesep=\dimen131
\belowbottomsep=\dimen132
\aboverulesep=\dimen133
\abovetopsep=\dimen134
\cmidrulesep=\dimen135
\cmidrulekern=\dimen136
\defaultaddspace=\dimen137
\@cmidla=\count108
\@cmidlb=\count109
\@aboverulesep=\dimen138
\@belowrulesep=\dimen139
\@thisruleclass=\count110
\@lastruleclass=\count111
\@thisrulewidth=\dimen140
)
(/usr/local/texlive/2015/texmf-dist/tex/latex/diagbox/diagbox.sty
Package: diagbox 2011/11/23 v2.0 Making table heads with diagonal lines

(/usr/local/texlive/2015/texmf-dist/tex/latex/pict2e/pict2e.sty
Package: pict2e 2014/01/12 v0.2z Improved picture commands (HjG,RN,JT)

(/usr/local/texlive/2015/texmf-dist/tex/latex/pict2e/pict2e.cfg
File: pict2e.cfg 2011/04/05 v0.1t pict2e configuration for teTeX/TeXLive
)
Package pict2e Info: Driver file: pdftex.def on input line 119.
Package pict2e Info: Driver file for pict2e: p2e-pdftex.def on input line 121.

(/usr/local/texlive/2015/texmf-dist/tex/latex/pict2e/p2e-pdftex.def
File: p2e-pdftex.def 2011/04/05 v0.1t Driver-dependant file (RN,HjG,JT)
)
\pIIe@GRAPH=\toks27
\@arclen=\dimen141
\@arcrad=\dimen142
\@tempdimd=\dimen143
)
(/usr/local/texlive/2015/texmf-dist/tex/latex/fp/fp.sty
Package: fp 1995/04/02

`Fixed Point Package', Version 0.8, April 2, 1995 (C) Michael Mehlich
(/usr/local/texlive/2015/texmf-dist/tex/latex/fp/defpattern.sty
Package: defpattern 1994/10/12
\actioncount=\count112
)
(/usr/local/texlive/2015/texmf-dist/tex/latex/fp/fp-basic.sty
Package: fp-basic 1996/05/13
\FP@xs=\count113
\FP@xia=\count114
\FP@xib=\count115
\FP@xfa=\count116
\FP@xfb=\count117
\FP@rega=\count118
\FP@regb=\count119
\FP@regs=\count120
\FP@times=\count121
)
(/usr/local/texlive/2015/texmf-dist/tex/latex/fp/fp-addons.sty
Package: fp-addons 1995/03/15
)
(/usr/local/texlive/2015/texmf-dist/tex/latex/fp/fp-snap.sty
Package: fp-snap 1995/04/05
)
(/usr/local/texlive/2015/texmf-dist/tex/latex/fp/fp-exp.sty
Package: fp-exp 1995/04/03
)
(/usr/local/texlive/2015/texmf-dist/tex/latex/fp/fp-trigo.sty
Package: fp-trigo 1995/04/14
)
(/usr/local/texlive/2015/texmf-dist/tex/latex/fp/fp-pas.sty
Package: fp-pas 1994/08/29
)
(/usr/local/texlive/2015/texmf-dist/tex/latex/fp/fp-random.sty
Package: fp-random 1995/02/23
\FPseed=\count122
)
(/usr/local/texlive/2015/texmf-dist/tex/latex/fp/fp-eqn.sty
Package: fp-eqn 1995/04/03
)
(/usr/local/texlive/2015/texmf-dist/tex/latex/fp/fp-upn.sty
Package: fp-upn 1996/10/21
)
(/usr/local/texlive/2015/texmf-dist/tex/latex/fp/fp-eval.sty
Package: fp-eval 1995/04/03
))
\diagbox@boxa=\box36
\diagbox@boxb=\box37
\diagbox@boxm=\box38
\diagbox@wd=\dimen144
\diagbox@ht=\dimen145
\diagbox@sepl=\dimen146
\diagbox@sepr=\dimen147
)
(/usr/local/texlive/2015/texmf-dist/tex/latex/cite/cite.sty
LaTeX Info: Redefining \cite on input line 302.
LaTeX Info: Redefining \nocite on input line 332.
Package: cite 2015/02/27  v 5.5
)
(/usr/local/texlive/2015/texmf-dist/tex/latex/url/url.sty
\Urlmuskip=\muskip11
Package: url 2013/09/16  ver 3.4  Verb mode for urls, etc.
)
(/usr/local/texlive/2015/texmf-dist/tex/latex/eso-pic/eso-pic.sty
Package: eso-pic 2015/04/20 v2.0e eso-pic (RN)

(/usr/local/texlive/2015/texmf-dist/tex/generic/oberdiek/atbegshi.sty
Package: atbegshi 2011/10/05 v1.16 At begin shipout hook (HO)

(/usr/local/texlive/2015/texmf-dist/tex/generic/oberdiek/ifpdf.sty
Package: ifpdf 2011/01/30 v2.3 Provides the ifpdf switch (HO)
Package ifpdf Info: pdfTeX in PDF mode is detected.
)))
(/usr/local/texlive/2015/texmf-dist/tex/latex/float/float.sty
Package: float 2001/11/08 v1.3d Float enhancements (AL)
\c@float@type=\count123
\float@exts=\toks28
\float@box=\box39
\@float@everytoks=\toks29
\@floatcapt=\box40
)
(/usr/local/texlive/2015/texmf-dist/tex/latex/tocbibind/tocbibind.sty
Package: tocbibind 2010/10/13 v1.5k extra ToC listings
Package tocbibind Info: The document has chapter divisions on input line 50.


Package tocbibind Note: Using chapter style headings, unless overridden.

) (/usr/local/texlive/2015/texmf-dist/tex/latex/geometry/geometry.sty
Package: geometry 2010/09/12 v5.6 Page Geometry

(/usr/local/texlive/2015/texmf-dist/tex/generic/oberdiek/ifvtex.sty
Package: ifvtex 2010/03/01 v1.5 Detect VTeX and its facilities (HO)
Package ifvtex Info: VTeX not detected.
)
(/usr/local/texlive/2015/texmf-dist/tex/generic/ifxetex/ifxetex.sty
Package: ifxetex 2010/09/12 v0.6 Provides ifxetex conditional
)
\Gm@cnth=\count124
\Gm@cntv=\count125
\c@Gm@tempcnt=\count126
\Gm@bindingoffset=\dimen148
\Gm@wd@mp=\dimen149
\Gm@odd@mp=\dimen150
\Gm@even@mp=\dimen151
\Gm@layoutwidth=\dimen152
\Gm@layoutheight=\dimen153
\Gm@layouthoffset=\dimen154
\Gm@layoutvoffset=\dimen155
\Gm@dimlist=\toks30
)
(./thwdef.tex)) (./cover.tex) (./template.aux)
\openout1 = `template.aux'.

LaTeX Font Info:    Checking defaults for OML/cmm/m/it on input line 7.
LaTeX Font Info:    ... okay on input line 7.
LaTeX Font Info:    Checking defaults for T1/cmr/m/n on input line 7.
LaTeX Font Info:    ... okay on input line 7.
LaTeX Font Info:    Checking defaults for OT1/cmr/m/n on input line 7.
LaTeX Font Info:    ... okay on input line 7.
LaTeX Font Info:    Checking defaults for OMS/cmsy/m/n on input line 7.
LaTeX Font Info:    ... okay on input line 7.
LaTeX Font Info:    Checking defaults for OMX/cmex/m/n on input line 7.
LaTeX Font Info:    ... okay on input line 7.
LaTeX Font Info:    Checking defaults for U/cmr/m/n on input line 7.
LaTeX Font Info:    ... okay on input line 7.

(/usr/local/texlive/2015/texmf-dist/tex/context/base/supp-pdf.mkii
[Loading MPS to PDF converter (version 2006.09.02).]
\scratchcounter=\count127
\scratchdimen=\dimen156
\scratchbox=\box41
\nofMPsegments=\count128
\nofMParguments=\count129
\everyMPshowfont=\toks31
\MPscratchCnt=\count130
\MPscratchDim=\dimen157
\MPnumerator=\count131
\makeMPintoPDFobject=\count132
\everyMPtoPDFconversion=\toks32
) (/usr/local/texlive/2015/texmf-dist/tex/generic/oberdiek/pdftexcmds.sty
Package: pdftexcmds 2011/11/29 v0.20 Utility functions of pdfTeX for LuaTeX (HO
)

(/usr/local/texlive/2015/texmf-dist/tex/generic/oberdiek/ifluatex.sty
Package: ifluatex 2010/03/01 v1.3 Provides the ifluatex switch (HO)
Package ifluatex Info: LuaTeX not detected.
)
Package pdftexcmds Info: LuaTeX not detected.
Package pdftexcmds Info: \pdf@primitive is available.
Package pdftexcmds Info: \pdf@ifprimitive is available.
Package pdftexcmds Info: \pdfdraftmode found.
)
(/usr/local/texlive/2015/texmf-dist/tex/latex/oberdiek/epstopdf-base.sty
Package: epstopdf-base 2010/02/09 v2.5 Base part for package epstopdf

(/usr/local/texlive/2015/texmf-dist/tex/latex/oberdiek/grfext.sty
Package: grfext 2010/08/19 v1.1 Manage graphics extensions (HO)

(/usr/local/texlive/2015/texmf-dist/tex/generic/oberdiek/kvdefinekeys.sty
Package: kvdefinekeys 2011/04/07 v1.3 Define keys (HO)
))
(/usr/local/texlive/2015/texmf-dist/tex/latex/oberdiek/kvoptions.sty
Package: kvoptions 2011/06/30 v3.11 Key value format for package options (HO)

(/usr/local/texlive/2015/texmf-dist/tex/generic/oberdiek/kvsetkeys.sty
Package: kvsetkeys 2012/04/25 v1.16 Key value parser (HO)

(/usr/local/texlive/2015/texmf-dist/tex/generic/oberdiek/etexcmds.sty
Package: etexcmds 2011/02/16 v1.5 Avoid name clashes with e-TeX commands (HO)
Package etexcmds Info: Could not find \expanded.
(etexcmds)             That can mean that you are not using pdfTeX 1.50 or
(etexcmds)             that some package has redefined \expanded.
(etexcmds)             In the latter case, load this package earlier.
)))
Package grfext Info: Graphics extension search list:
(grfext)             [.png,.pdf,.jpg,.mps,.jpeg,.jbig2,.jb2,.PNG,.PDF,.JPG,.JPE
G,.JBIG2,.JB2,.eps]
(grfext)             \AppendGraphicsExtensions on input line 452.

(/usr/local/texlive/2015/texmf-dist/tex/latex/latexconfig/epstopdf-sys.cfg
File: epstopdf-sys.cfg 2010/07/13 v1.3 Configuration of (r)epstopdf for TeX Liv
e
))
Package caption Info: Begin \AtBeginDocument code.
Package caption Info: float package is loaded.
Package caption Info: End \AtBeginDocument code.
\AtBeginShipoutBox=\box42

*geometry* driver: auto-detecting
*geometry* detected driver: pdftex
*geometry* verbose mode - [ preamble ] result:
* driver: pdftex
* paper: a4paper
* layout: <same size as paper>
* layoutoffset:(h,v)=(0.0pt,0.0pt)
* modes: 
* h-part:(L,W,R)=(89.62709pt, 418.25368pt, 89.6271pt)
* v-part:(T,H,B)=(101.40665pt, 591.5302pt, 152.11pt)
* \paperwidth=597.50787pt
* \paperheight=845.04684pt
* \textwidth=418.25368pt
* \textheight=591.5302pt
* \oddsidemargin=17.3571pt
* \evensidemargin=17.3571pt
* \topmargin=-7.86334pt
* \headheight=12.0pt
* \headsep=25.0pt
* \topskip=12.0pt
* \footskip=30.0pt
* \marginparwidth=44.0pt
* \marginparsep=10.0pt
* \columnsep=10.0pt
* \skip\footins=10.8pt plus 4.0pt minus 2.0pt
* \hoffset=0.0pt
* \voffset=0.0pt
* \mag=1000
* \@twocolumnfalse
* \@twosidefalse
* \@mparswitchfalse
* \@reversemarginfalse
* (1in=72.27pt=25.4mm, 1cm=28.453pt)

LaTeX Font Info:    Try loading font information for U+msa on input line 16.
(/usr/local/texlive/2015/texmf-dist/tex/latex/amsfonts/umsa.fd
File: umsa.fd 2013/01/14 v3.01 AMS symbols A
)
LaTeX Font Info:    Try loading font information for U+msb on input line 16.

(/usr/local/texlive/2015/texmf-dist/tex/latex/amsfonts/umsb.fd
File: umsb.fd 2013/01/14 v3.01 AMS symbols B
)
Package epstopdf Info: Source file: <logo/nthu.eps>
(epstopdf)                    date: 2016-05-15 16:33:55
(epstopdf)                    size: 277878 bytes
(epstopdf)             Output file: <logo/nthu-eps-converted-to.pdf>
(epstopdf)                    date: 2016-05-15 16:33:55
(epstopdf)                    size: 108781 bytes
(epstopdf)             Command: <repstopdf --outfile=logo/nthu-eps-converted-to
.pdf logo/nthu.eps>
(epstopdf)             \includegraphics on input line 16.
Package epstopdf Info: Output file is already uptodate.

<logo/nthu-eps-converted-to.pdf, id=1, 182.6825pt x 183.68625pt>
File: logo/nthu-eps-converted-to.pdf Graphic file (type pdf)

<use logo/nthu-eps-converted-to.pdf>
Package pdftex.def Info: logo/nthu-eps-converted-to.pdf used on input line 16.
(pdftex.def)             Requested size: 100.0pt x 100.54845pt.
 [1
color push 0 g 0 G
color pop

color push 0 g 0 G
color pop
{/usr/local/texlive/2015/texmf-var/fonts/map/pdftex/updmap/pdftex.map}
color push 0 g 0 G
color pop
 <./logo/nthu-eps-converted-to.pdf>]
(./chapter/abstract.tex)
Package epstopdf Info: Source file: <logo/nthu.eps>
(epstopdf)                    date: 2016-05-15 16:33:55
(epstopdf)                    size: 277878 bytes
(epstopdf)             Output file: <logo/nthu-eps-converted-to.pdf>
(epstopdf)                    date: 2016-05-15 16:33:55
(epstopdf)                    size: 108781 bytes
(epstopdf)             Command: <repstopdf --outfile=logo/nthu-eps-converted-to
.pdf logo/nthu.eps>
(epstopdf)             \includegraphics on input line 24.
Package epstopdf Info: Output file is already uptodate.
File: logo/nthu-eps-converted-to.pdf Graphic file (type pdf)
 <use logo/nthu-eps-converted-to.pdf>
Package pdftex.def Info: logo/nthu-eps-converted-to.pdf used on input line 24.
(pdftex.def)             Requested size: 100.0pt x 100.54845pt.
 [1
color push 0 g 0 G
color pop

color push 0 g 0 G
color pop
color push 0 g 0 G
color pop
]
(./template.toc
Package epstopdf Info: Source file: <logo/nthu.eps>
(epstopdf)                    date: 2016-05-15 16:33:55
(epstopdf)                    size: 277878 bytes
(epstopdf)             Output file: <logo/nthu-eps-converted-to.pdf>
(epstopdf)                    date: 2016-05-15 16:33:55
(epstopdf)                    size: 108781 bytes
(epstopdf)             Command: <repstopdf --outfile=logo/nthu-eps-converted-to
.pdf logo/nthu.eps>
(epstopdf)             \includegraphics on input line 16.
Package epstopdf Info: Output file is already uptodate.
File: logo/nthu-eps-converted-to.pdf Graphic file (type pdf)
 <use logo/nthu-eps-converted-to.pdf>
Package pdftex.def Info: logo/nthu-eps-converted-to.pdf used on input line 16.
(pdftex.def)             Requested size: 100.0pt x 100.54845pt.
 [2
color push 0 g 0 G
color pop

color push 0 g 0 G
color pop
color push 0 g 0 G
color pop
color push 0 g 0 G
color pop
color push 0 g 0 G
color pop
color push 0 g 0 G
color pop
color push 0 g 0 G
color pop
color push 0 g 0 G
color pop
color push 0 g 0 G
color pop
color push 0 g 0 G
color pop
])
\tf@toc=\write3
\openout3 = `template.toc'.


(./chapter/introduction.tex
Package epstopdf Info: Source file: <logo/nthu.eps>
(epstopdf)                    date: 2016-05-15 16:33:55
(epstopdf)                    size: 277878 bytes
(epstopdf)             Output file: <logo/nthu-eps-converted-to.pdf>
(epstopdf)                    date: 2016-05-15 16:33:55
(epstopdf)                    size: 108781 bytes
(epstopdf)             Command: <repstopdf --outfile=logo/nthu-eps-converted-to
.pdf logo/nthu.eps>
(epstopdf)             \includegraphics on input line 1.
Package epstopdf Info: Output file is already uptodate.
File: logo/nthu-eps-converted-to.pdf Graphic file (type pdf)
 <use logo/nthu-eps-converted-to.pdf>
Package pdftex.def Info: logo/nthu-eps-converted-to.pdf used on input line 1.
(pdftex.def)             Requested size: 100.0pt x 100.54845pt.
 [1
color push 0 g 0 G
color pop
color push 0 g 0 G
color pop
color push 0 g 0 G
color pop
color push 0 g 0 G
color pop
color push 0 g 0 G
color pop
]
Chapter 1.

Overfull \hbox (5.63914pt too wide) in paragraph at lines 10--15
[]\OT1/cmr/m/n/12 There are two type of MOOCs, cMOOCs (con-nec-tion-ism MOOCs) 
and xMOOCs
 []

Package epstopdf Info: Source file: <logo/nthu.eps>
(epstopdf)                    date: 2016-05-15 16:33:55
(epstopdf)                    size: 277878 bytes
(epstopdf)             Output file: <logo/nthu-eps-converted-to.pdf>
(epstopdf)                    date: 2016-05-15 16:33:55
(epstopdf)                    size: 108781 bytes
(epstopdf)             Command: <repstopdf --outfile=logo/nthu-eps-converted-to
.pdf logo/nthu.eps>
(epstopdf)             \includegraphics on input line 21.
Package epstopdf Info: Output file is already uptodate.
File: logo/nthu-eps-converted-to.pdf Graphic file (type pdf)
<use logo/nthu-eps-converted-to.pdf>
Package pdftex.def Info: logo/nthu-eps-converted-to.pdf used on input line 21.
(pdftex.def)             Requested size: 100.0pt x 100.54845pt.
 [2
color push 0 g 0 G
color pop

color push 0 g 0 G
color pop
]
Missing character: There is no â in font cmr12!
Missing character: There is no € in font cmr12!
Missing character: There is no ™ in font cmr12!
Package epstopdf Info: Source file: <logo/nthu.eps>
(epstopdf)                    date: 2016-05-15 16:33:55
(epstopdf)                    size: 277878 bytes
(epstopdf)             Output file: <logo/nthu-eps-converted-to.pdf>
(epstopdf)                    date: 2016-05-15 16:33:55
(epstopdf)                    size: 108781 bytes
(epstopdf)             Command: <repstopdf --outfile=logo/nthu-eps-converted-to
.pdf logo/nthu.eps>
(epstopdf)             \includegraphics on input line 35.
Package epstopdf Info: Output file is already uptodate.
File: logo/nthu-eps-converted-to.pdf Graphic file (type pdf)
 <use logo/nthu-eps-converted-to.pdf>
Package pdftex.def Info: logo/nthu-eps-converted-to.pdf used on input line 35.
(pdftex.def)             Requested size: 100.0pt x 100.54845pt.

[3
color push 0 g 0 G
color pop
color push 0 g 0 G
color pop
]

LaTeX Warning: Reference `cha: Brief Review of Reinforcement Learning and Least
-Square Policy Iteration' on page 4 undefined on input line 37.

) (./chapter/relatedwork.tex
Package epstopdf Info: Source file: <logo/nthu.eps>
(epstopdf)                    date: 2016-05-15 16:33:55
(epstopdf)                    size: 277878 bytes
(epstopdf)             Output file: <logo/nthu-eps-converted-to.pdf>
(epstopdf)                    date: 2016-05-15 16:33:55
(epstopdf)                    size: 108781 bytes
(epstopdf)             Command: <repstopdf --outfile=logo/nthu-eps-converted-to
.pdf logo/nthu.eps>
(epstopdf)             \includegraphics on input line 1.
Package epstopdf Info: Output file is already uptodate.
File: logo/nthu-eps-converted-to.pdf Graphic file (type pdf)
 <use logo/nthu-eps-converted-to.pdf>
Package pdftex.def Info: logo/nthu-eps-converted-to.pdf used on input line 1.
(pdftex.def)             Requested size: 100.0pt x 100.54845pt.
 [4
color push 0 g 0 G
color pop
color push 0 g 0 G
color pop
]
Chapter 2.
Package epstopdf Info: Source file: <logo/nthu.eps>
(epstopdf)                    date: 2016-05-15 16:33:55
(epstopdf)                    size: 277878 bytes
(epstopdf)             Output file: <logo/nthu-eps-converted-to.pdf>
(epstopdf)                    date: 2016-05-15 16:33:55
(epstopdf)                    size: 108781 bytes
(epstopdf)             Command: <repstopdf --outfile=logo/nthu-eps-converted-to
.pdf logo/nthu.eps>
(epstopdf)             \includegraphics on input line 17.
Package epstopdf Info: Output file is already uptodate.
File: logo/nthu-eps-converted-to.pdf Graphic file (type pdf)
<use logo/nthu-eps-converted-to.pdf>
Package pdftex.def Info: logo/nthu-eps-converted-to.pdf used on input line 17.
(pdftex.def)             Requested size: 100.0pt x 100.54845pt.
 [5
color push 0 g 0 G
color pop

color push 0 g 0 G
color pop
]) (./chapter/architecture.tex
Package epstopdf Info: Source file: <logo/nthu.eps>
(epstopdf)                    date: 2016-05-15 16:33:55
(epstopdf)                    size: 277878 bytes
(epstopdf)             Output file: <logo/nthu-eps-converted-to.pdf>
(epstopdf)                    date: 2016-05-15 16:33:55
(epstopdf)                    size: 108781 bytes
(epstopdf)             Command: <repstopdf --outfile=logo/nthu-eps-converted-to
.pdf logo/nthu.eps>
(epstopdf)             \includegraphics on input line 1.
Package epstopdf Info: Output file is already uptodate.
File: logo/nthu-eps-converted-to.pdf Graphic file (type pdf)

<use logo/nthu-eps-converted-to.pdf>
Package pdftex.def Info: logo/nthu-eps-converted-to.pdf used on input line 1.
(pdftex.def)             Requested size: 100.0pt x 100.54845pt.
 [6
color push 0 g 0 G
color pop
color push 0 g 0 G
color pop
]
Chapter 3.
) (./chapter/implementation.tex
Package epstopdf Info: Source file: <logo/nthu.eps>
(epstopdf)                    date: 2016-05-15 16:33:55
(epstopdf)                    size: 277878 bytes
(epstopdf)             Output file: <logo/nthu-eps-converted-to.pdf>
(epstopdf)                    date: 2016-05-15 16:33:55
(epstopdf)                    size: 108781 bytes
(epstopdf)             Command: <repstopdf --outfile=logo/nthu-eps-converted-to
.pdf logo/nthu.eps>
(epstopdf)             \includegraphics on input line 1.
Package epstopdf Info: Output file is already uptodate.
File: logo/nthu-eps-converted-to.pdf Graphic file (type pdf)
 <use logo/nthu-eps-converted-to.pdf>
Package pdftex.def Info: logo/nthu-eps-converted-to.pdf used on input line 1.
(pdftex.def)             Requested size: 100.0pt x 100.54845pt.
 [7
color push 0 g 0 G
color pop

color push 0 g 0 G
color pop
]
Chapter 4.
) (./chapter/system.tex
Package epstopdf Info: Source file: <logo/nthu.eps>
(epstopdf)                    date: 2016-05-15 16:33:55
(epstopdf)                    size: 277878 bytes
(epstopdf)             Output file: <logo/nthu-eps-converted-to.pdf>
(epstopdf)                    date: 2016-05-15 16:33:55
(epstopdf)                    size: 108781 bytes
(epstopdf)             Command: <repstopdf --outfile=logo/nthu-eps-converted-to
.pdf logo/nthu.eps>
(epstopdf)             \includegraphics on input line 1.
Package epstopdf Info: Output file is already uptodate.
File: logo/nthu-eps-converted-to.pdf Graphic file (type pdf)
 <use logo/nthu-eps-converted-to.pdf>
Package pdftex.def Info: logo/nthu-eps-converted-to.pdf used on input line 1.
(pdftex.def)             Requested size: 100.0pt x 100.54845pt.
 [8
color push 0 g 0 G
color pop

color push 0 g 0 G
color pop
]
Chapter 5.
Package epstopdf Info: Source file: <logo/nthu.eps>
(epstopdf)                    date: 2016-05-15 16:33:55
(epstopdf)                    size: 277878 bytes
(epstopdf)             Output file: <logo/nthu-eps-converted-to.pdf>
(epstopdf)                    date: 2016-05-15 16:33:55
(epstopdf)                    size: 108781 bytes
(epstopdf)             Command: <repstopdf --outfile=logo/nthu-eps-converted-to
.pdf logo/nthu.eps>
(epstopdf)             \includegraphics on input line 4.
Package epstopdf Info: Output file is already uptodate.
File: logo/nthu-eps-converted-to.pdf Graphic file (type pdf)
<use logo/nthu-eps-converted-to.pdf>
Package pdftex.def Info: logo/nthu-eps-converted-to.pdf used on input line 4.
(pdftex.def)             Requested size: 100.0pt x 100.54845pt.
 [9
color push 0 g 0 G
color pop

color push 0 g 0 G
color pop
]
Package epstopdf Info: Source file: <fig/model.eps>
(epstopdf)                    date: 2016-05-15 16:33:55
(epstopdf)                    size: 523575 bytes
(epstopdf)             Output file: <fig/model-eps-converted-to.pdf>
(epstopdf)                    date: 2016-05-15 16:33:55
(epstopdf)                    size: 34885 bytes
(epstopdf)             Command: <repstopdf --outfile=fig/model-eps-converted-to
.pdf fig/model.eps>
(epstopdf)             \includegraphics on input line 7.
Package epstopdf Info: Output file is already uptodate.

<fig/model-eps-converted-to.pdf, id=51, 806.01125pt x 557.08125pt>
File: fig/model-eps-converted-to.pdf Graphic file (type pdf)

<use fig/model-eps-converted-to.pdf>
Package pdftex.def Info: fig/model-eps-converted-to.pdf used on input line 7.
(pdftex.def)             Requested size: 334.60422pt x 231.26091pt.
Package epstopdf Info: Source file: <logo/nthu.eps>
(epstopdf)                    date: 2016-05-15 16:33:55
(epstopdf)                    size: 277878 bytes
(epstopdf)             Output file: <logo/nthu-eps-converted-to.pdf>
(epstopdf)                    date: 2016-05-15 16:33:55
(epstopdf)                    size: 108781 bytes
(epstopdf)             Command: <repstopdf --outfile=logo/nthu-eps-converted-to
.pdf logo/nthu.eps>
(epstopdf)             \includegraphics on input line 20.
Package epstopdf Info: Output file is already uptodate.
File: logo/nthu-eps-converted-to.pdf Graphic file (type pdf)
 <use logo/nthu-eps-converted-to.pdf>
Package pdftex.def Info: logo/nthu-eps-converted-to.pdf used on input line 20.
(pdftex.def)             Requested size: 100.0pt x 100.54845pt.

[10
color push 0 g 0 G
color pop
color push 0 g 0 G
color push 0 g 0 G
color pop
color pop
color push 0 g 0 G
color pop
 <./fig/model-eps-converted-to.pdf>]

LaTeX Warning: Citation `linden:1865' on page 11 undefined on input line 41.


LaTeX Warning: Citation `dallinger:2013' on page 11 undefined on input line 41.


Package epstopdf Info: Source file: <logo/nthu.eps>
(epstopdf)                    date: 2016-05-15 16:33:55
(epstopdf)                    size: 277878 bytes
(epstopdf)             Output file: <logo/nthu-eps-converted-to.pdf>
(epstopdf)                    date: 2016-05-15 16:33:55
(epstopdf)                    size: 108781 bytes
(epstopdf)             Command: <repstopdf --outfile=logo/nthu-eps-converted-to
.pdf logo/nthu.eps>
(epstopdf)             \includegraphics on input line 44.
Package epstopdf Info: Output file is already uptodate.
File: logo/nthu-eps-converted-to.pdf Graphic file (type pdf)
<use logo/nthu-eps-converted-to.pdf>
Package pdftex.def Info: logo/nthu-eps-converted-to.pdf used on input line 44.
(pdftex.def)             Requested size: 100.0pt x 100.54845pt.
 [11
color push 0 g 0 G
color pop
color push 0 g 0 G
color pop
]

LaTeX Warning: Citation `dallinger:2013' on page 12 undefined on input line 45.


Package epstopdf Info: Source file: <logo/nthu.eps>
(epstopdf)                    date: 2016-05-15 16:33:55
(epstopdf)                    size: 277878 bytes
(epstopdf)             Output file: <logo/nthu-eps-converted-to.pdf>
(epstopdf)                    date: 2016-05-15 16:33:55
(epstopdf)                    size: 108781 bytes
(epstopdf)             Command: <repstopdf --outfile=logo/nthu-eps-converted-to
.pdf logo/nthu.eps>
(epstopdf)             \includegraphics on input line 56.
Package epstopdf Info: Output file is already uptodate.
File: logo/nthu-eps-converted-to.pdf Graphic file (type pdf)
<use logo/nthu-eps-converted-to.pdf>
Package pdftex.def Info: logo/nthu-eps-converted-to.pdf used on input line 56.
(pdftex.def)             Requested size: 100.0pt x 100.54845pt.
 [12
color push 0 g 0 G
color pop
color push 0 g 0 G
color pop
color push 0 g 0 G
color pop
]) (./chapter/learning.tex
Package epstopdf Info: Source file: <logo/nthu.eps>
(epstopdf)                    date: 2016-05-15 16:33:55
(epstopdf)                    size: 277878 bytes
(epstopdf)             Output file: <logo/nthu-eps-converted-to.pdf>
(epstopdf)                    date: 2016-05-15 16:33:55
(epstopdf)                    size: 108781 bytes
(epstopdf)             Command: <repstopdf --outfile=logo/nthu-eps-converted-to
.pdf logo/nthu.eps>
(epstopdf)             \includegraphics on input line 1.
Package epstopdf Info: Output file is already uptodate.
File: logo/nthu-eps-converted-to.pdf Graphic file (type pdf)

<use logo/nthu-eps-converted-to.pdf>
Package pdftex.def Info: logo/nthu-eps-converted-to.pdf used on input line 1.
(pdftex.def)             Requested size: 100.0pt x 100.54845pt.
 [13
color push 0 g 0 G
color pop
color push 0 g 0 G
color pop
]
Chapter 6.

LaTeX Warning: Reference `cha: Brief Review of Reinforcement Learning and Least
-Square Policy Iteration' on page 14 undefined on input line 12.

Package epstopdf Info: Source file: <logo/nthu.eps>
(epstopdf)                    date: 2016-05-15 16:33:55
(epstopdf)                    size: 277878 bytes
(epstopdf)             Output file: <logo/nthu-eps-converted-to.pdf>
(epstopdf)                    date: 2016-05-15 16:33:55
(epstopdf)                    size: 108781 bytes
(epstopdf)             Command: <repstopdf --outfile=logo/nthu-eps-converted-to
.pdf logo/nthu.eps>
(epstopdf)             \includegraphics on input line 17.
Package epstopdf Info: Output file is already uptodate.
File: logo/nthu-eps-converted-to.pdf Graphic file (type pdf)
<use logo/nthu-eps-converted-to.pdf>
Package pdftex.def Info: logo/nthu-eps-converted-to.pdf used on input line 17.
(pdftex.def)             Requested size: 100.0pt x 100.54845pt.
 [14
color push 0 g 0 G
color pop

color push 0 g 0 G
color pop
]
Package epstopdf Info: Source file: <logo/nthu.eps>
(epstopdf)                    date: 2016-05-15 16:33:55
(epstopdf)                    size: 277878 bytes
(epstopdf)             Output file: <logo/nthu-eps-converted-to.pdf>
(epstopdf)                    date: 2016-05-15 16:33:55
(epstopdf)                    size: 108781 bytes
(epstopdf)             Command: <repstopdf --outfile=logo/nthu-eps-converted-to
.pdf logo/nthu.eps>
(epstopdf)             \includegraphics on input line 69.
Package epstopdf Info: Output file is already uptodate.
File: logo/nthu-eps-converted-to.pdf Graphic file (type pdf)
 <use logo/nthu-eps-converted-to.pdf>
Package pdftex.def Info: logo/nthu-eps-converted-to.pdf used on input line 69.
(pdftex.def)             Requested size: 100.0pt x 100.54845pt.

[15
color push 0 g 0 G
color pop
color push 0 g 0 G
color pop
]
Package epstopdf Info: Source file: <logo/nthu.eps>
(epstopdf)                    date: 2016-05-15 16:33:55
(epstopdf)                    size: 277878 bytes
(epstopdf)             Output file: <logo/nthu-eps-converted-to.pdf>
(epstopdf)                    date: 2016-05-15 16:33:55
(epstopdf)                    size: 108781 bytes
(epstopdf)             Command: <repstopdf --outfile=logo/nthu-eps-converted-to
.pdf logo/nthu.eps>
(epstopdf)             \includegraphics on input line 69.
Package epstopdf Info: Output file is already uptodate.
File: logo/nthu-eps-converted-to.pdf Graphic file (type pdf)
 <use logo/nthu-eps-converted-to.pdf>
Package pdftex.def Info: logo/nthu-eps-converted-to.pdf used on input line 69.
(pdftex.def)             Requested size: 100.0pt x 100.54845pt.
 [16
color push 0 g 0 G
color pop
color push 0 g 0 G
color pop
color push 0 g 0 G
color push 0 g 0 G
color pop
color push 0 g 0 G
color pop
color push 0 g 0 G
color pop
color pop
color push 0 g 0 G
color pop
]

LaTeX Warning: Citation `lagoudakis:2003' on page 17 undefined on input line 74
.


LaTeX Warning: Reference `eq: value func approx.' on page 17 undefined on input
 line 74.

Package epstopdf Info: Source file: <logo/nthu.eps>
(epstopdf)                    date: 2016-05-15 16:33:55
(epstopdf)                    size: 277878 bytes
(epstopdf)             Output file: <logo/nthu-eps-converted-to.pdf>
(epstopdf)                    date: 2016-05-15 16:33:55
(epstopdf)                    size: 108781 bytes
(epstopdf)             Command: <repstopdf --outfile=logo/nthu-eps-converted-to
.pdf logo/nthu.eps>
(epstopdf)             \includegraphics on input line 132.
Package epstopdf Info: Output file is already uptodate.
File: logo/nthu-eps-converted-to.pdf Graphic file (type pdf)
<use logo/nthu-eps-converted-to.pdf>
Package pdftex.def Info: logo/nthu-eps-converted-to.pdf used on input line 132.

(pdftex.def)             Requested size: 100.0pt x 100.54845pt.
 [17
color push 0 g 0 G
color pop
color push 0 0 1 rg 0 0 1 RG
color push 0 g 0 G
color pop
]

LaTeX Warning: Citation `ramavajjala:2012' on page 18 undefined on input line 1
48.

Package epstopdf Info: Source file: <logo/nthu.eps>
(epstopdf)                    date: 2016-05-15 16:33:55
(epstopdf)                    size: 277878 bytes
(epstopdf)             Output file: <logo/nthu-eps-converted-to.pdf>
(epstopdf)                    date: 2016-05-15 16:33:55
(epstopdf)                    size: 108781 bytes
(epstopdf)             Command: <repstopdf --outfile=logo/nthu-eps-converted-to
.pdf logo/nthu.eps>
(epstopdf)             \includegraphics on input line 149.
Package epstopdf Info: Output file is already uptodate.
File: logo/nthu-eps-converted-to.pdf Graphic file (type pdf)
<use logo/nthu-eps-converted-to.pdf>
Package pdftex.def Info: logo/nthu-eps-converted-to.pdf used on input line 149.

(pdftex.def)             Requested size: 100.0pt x 100.54845pt.
 [18
color push 0 g 0 G
color pop
color push 0 g 0 G
color pop
]
Package epstopdf Info: Source file: <logo/nthu.eps>
(epstopdf)                    date: 2016-05-15 16:33:55
(epstopdf)                    size: 277878 bytes
(epstopdf)             Output file: <logo/nthu-eps-converted-to.pdf>
(epstopdf)                    date: 2016-05-15 16:33:55
(epstopdf)                    size: 108781 bytes
(epstopdf)             Command: <repstopdf --outfile=logo/nthu-eps-converted-to
.pdf logo/nthu.eps>
(epstopdf)             \includegraphics on input line 162.
Package epstopdf Info: Output file is already uptodate.
File: logo/nthu-eps-converted-to.pdf Graphic file (type pdf)
 <use logo/nthu-eps-converted-to.pdf>
Package pdftex.def Info: logo/nthu-eps-converted-to.pdf used on input line 162.

(pdftex.def)             Requested size: 100.0pt x 100.54845pt.

[19
color push 0 g 0 G
color pop
color pop
color push 0 g 0 G
color pop
]
Package epstopdf Info: Source file: <logo/nthu.eps>
(epstopdf)                    date: 2016-05-15 16:33:55
(epstopdf)                    size: 277878 bytes
(epstopdf)             Output file: <logo/nthu-eps-converted-to.pdf>
(epstopdf)                    date: 2016-05-15 16:33:55
(epstopdf)                    size: 108781 bytes
(epstopdf)             Command: <repstopdf --outfile=logo/nthu-eps-converted-to
.pdf logo/nthu.eps>
(epstopdf)             \includegraphics on input line 190.
Package epstopdf Info: Output file is already uptodate.
File: logo/nthu-eps-converted-to.pdf Graphic file (type pdf)
 <use logo/nthu-eps-converted-to.pdf>
Package pdftex.def Info: logo/nthu-eps-converted-to.pdf used on input line 190.

(pdftex.def)             Requested size: 100.0pt x 100.54845pt.
 [20
color push 0 g 0 G
color pop
color push 0 g 0 G
color pop
]
Package epstopdf Info: Source file: <logo/nthu.eps>
(epstopdf)                    date: 2016-05-15 16:33:55
(epstopdf)                    size: 277878 bytes
(epstopdf)             Output file: <logo/nthu-eps-converted-to.pdf>
(epstopdf)                    date: 2016-05-15 16:33:55
(epstopdf)                    size: 108781 bytes
(epstopdf)             Command: <repstopdf --outfile=logo/nthu-eps-converted-to
.pdf logo/nthu.eps>
(epstopdf)             \includegraphics on input line 213.
Package epstopdf Info: Output file is already uptodate.
File: logo/nthu-eps-converted-to.pdf Graphic file (type pdf)

<use logo/nthu-eps-converted-to.pdf>
Package pdftex.def Info: logo/nthu-eps-converted-to.pdf used on input line 213.

(pdftex.def)             Requested size: 100.0pt x 100.54845pt.
 [21
color push 0 g 0 G
color pop
color push 0 g 0 G
color pop
]

Package caption Warning: \label without proper \caption on input line 228.
See the caption package documentation for explanation.


LaTeX Warning: Reference `fig: err_r_compare' on page 22 undefined on input lin
e 224.

Package epstopdf Info: Source file: <fig/err_r_compare.eps>
(epstopdf)                    date: 2016-05-15 16:33:55
(epstopdf)                    size: 11570 bytes
(epstopdf)             Output file: <fig/err_r_compare-eps-converted-to.pdf>
(epstopdf)                    date: 2016-05-15 16:33:55
(epstopdf)                    size: 8043 bytes
(epstopdf)             Command: <repstopdf --outfile=fig/err_r_compare-eps-conv
erted-to.pdf fig/err_r_compare.eps>
(epstopdf)             \includegraphics on input line 229.
Package epstopdf Info: Output file is already uptodate.
<fig/err_r_compare-eps-converted-to.pdf, id=152, 521.95pt x 406.51875pt>
File: fig/err_r_compare-eps-converted-to.pdf Graphic file (type pdf)

<use fig/err_r_compare-eps-converted-to.pdf>
Package pdftex.def Info: fig/err_r_compare-eps-converted-to.pdf used on input l
ine 229.
(pdftex.def)             Requested size: 334.60422pt x 260.60532pt.
Package epstopdf Info: Source file: <logo/nthu.eps>
(epstopdf)                    date: 2016-05-15 16:33:55
(epstopdf)                    size: 277878 bytes
(epstopdf)             Output file: <logo/nthu-eps-converted-to.pdf>
(epstopdf)                    date: 2016-05-15 16:33:55
(epstopdf)                    size: 108781 bytes
(epstopdf)             Command: <repstopdf --outfile=logo/nthu-eps-converted-to
.pdf logo/nthu.eps>
(epstopdf)             \includegraphics on input line 241.
Package epstopdf Info: Output file is already uptodate.
File: logo/nthu-eps-converted-to.pdf Graphic file (type pdf)

<use logo/nthu-eps-converted-to.pdf>
Package pdftex.def Info: logo/nthu-eps-converted-to.pdf used on input line 241.

(pdftex.def)             Requested size: 100.0pt x 100.54845pt.
 [22
color push 0 g 0 G
color pop
color push 0 g 0 G
color pop
]

Package caption Warning: \label without proper \caption on input line 245.
See the caption package documentation for explanation.


LaTeX Warning: Reference `algo: synthesized data' on page 23 undefined on input
 line 242.

Package epstopdf Info: Source file: <logo/nthu.eps>
(epstopdf)                    date: 2016-05-15 16:33:55
(epstopdf)                    size: 277878 bytes
(epstopdf)             Output file: <logo/nthu-eps-converted-to.pdf>
(epstopdf)                    date: 2016-05-15 16:33:55
(epstopdf)                    size: 108781 bytes
(epstopdf)             Command: <repstopdf --outfile=logo/nthu-eps-converted-to
.pdf logo/nthu.eps>
(epstopdf)             \includegraphics on input line 257.
Package epstopdf Info: Output file is already uptodate.
File: logo/nthu-eps-converted-to.pdf Graphic file (type pdf)
<use logo/nthu-eps-converted-to.pdf>
Package pdftex.def Info: logo/nthu-eps-converted-to.pdf used on input line 257.

(pdftex.def)             Requested size: 100.0pt x 100.54845pt.
 [23
color push 0 g 0 G
color pop
color push 0 g 0 G
color push 0 g 0 G
color pop
color pop
color push 0 g 0 G
color pop
 <./fig/err_r_compare-eps-converted-to.pdf>]
Package epstopdf Info: Source file: <logo/nthu.eps>
(epstopdf)                    date: 2016-05-15 16:33:55
(epstopdf)                    size: 277878 bytes
(epstopdf)             Output file: <logo/nthu-eps-converted-to.pdf>
(epstopdf)                    date: 2016-05-15 16:33:55
(epstopdf)                    size: 108781 bytes
(epstopdf)             Command: <repstopdf --outfile=logo/nthu-eps-converted-to
.pdf logo/nthu.eps>
(epstopdf)             \includegraphics on input line 258.
Package epstopdf Info: Output file is already uptodate.
File: logo/nthu-eps-converted-to.pdf Graphic file (type pdf)
 <use logo/nthu-eps-converted-to.pdf>
Package pdftex.def Info: logo/nthu-eps-converted-to.pdf used on input line 258.

(pdftex.def)             Requested size: 100.0pt x 100.54845pt.
 [24
color push 0 g 0 G
color pop
color push 0 g 0 G
color push 0 g 0 G
color pop
color push 0 g 0 G
color pop
color pop
color push 0 g 0 G
color pop
]
*geometry* verbose mode - [ newgeometry ] result:
* driver: pdftex
* paper: a4paper
* layout: <same size as paper>
* layoutoffset:(h,v)=(0.0pt,0.0pt)
* modes: 
* h-part:(L,W,R)=(35.24963pt, 532.88354pt, 29.3747pt)
* v-part:(T,H,B)=(46.99951pt, 696.64069pt, 101.40665pt)
* \paperwidth=597.50787pt
* \paperheight=845.04684pt
* \textwidth=532.88354pt
* \textheight=696.64069pt
* \oddsidemargin=-37.02036pt
* \evensidemargin=-37.02036pt
* \topmargin=-62.27048pt
* \headheight=12.0pt
* \headsep=25.0pt
* \topskip=12.0pt
* \footskip=30.0pt
* \marginparwidth=44.0pt
* \marginparsep=10.0pt
* \columnsep=10.0pt
* \skip\footins=10.8pt plus 4.0pt minus 2.0pt
* \hoffset=0.0pt
* \voffset=0.0pt
* \mag=1000
* \@twocolumnfalse
* \@twosidefalse
* \@mparswitchfalse
* \@reversemarginfalse
* (1in=72.27pt=25.4mm, 1cm=28.453pt)

LaTeX Font Info:    Try loading font information for OMS+cmr on input line 326.


(/usr/local/texlive/2015/texmf-dist/tex/latex/base/omscmr.fd
File: omscmr.fd 2014/09/29 v2.5h Standard LaTeX font definitions
)
LaTeX Font Info:    Font shape `OMS/cmr/m/n' in size <12> not available
(Font)              Font shape `OMS/cmsy/m/n' tried instead on input line 326.


LaTeX Warning: Float too large for page by 70.68352pt on input line 327.

Package epstopdf Info: Source file: <logo/nthu.eps>
(epstopdf)                    date: 2016-05-15 16:33:55
(epstopdf)                    size: 277878 bytes
(epstopdf)             Output file: <logo/nthu-eps-converted-to.pdf>
(epstopdf)                    date: 2016-05-15 16:33:55
(epstopdf)                    size: 108781 bytes
(epstopdf)             Command: <repstopdf --outfile=logo/nthu-eps-converted-to
.pdf logo/nthu.eps>
(epstopdf)             \includegraphics on input line 328.
Package epstopdf Info: Output file is already uptodate.
File: logo/nthu-eps-converted-to.pdf Graphic file (type pdf)
<use logo/nthu-eps-converted-to.pdf>
Package pdftex.def Info: logo/nthu-eps-converted-to.pdf used on input line 328.

(pdftex.def)             Requested size: 100.0pt x 100.54845pt.
 [25
color push 0 g 0 G
color pop
color push 0 g 0 G
color push 0 g 0 G
color pop
color push 0 g 0 G
color push 0 g 0 G
color pop
color push 0 g 0 G
color pop
color push 0 g 0 G
color pop
color push 0 g 0 G
color pop
color push 0 g 0 G
color pop
color push 0 g 0 G
color pop
color push 0 g 0 G
color pop
color push 0 g 0 G
color pop
color push 0 g 0 G
color pop
color push 0 g 0 G
color pop
color pop
color pop
color push 0 g 0 G
color pop
]) (./chapter/simulation.tex
Package epstopdf Info: Source file: <logo/nthu.eps>
(epstopdf)                    date: 2016-05-15 16:33:55
(epstopdf)                    size: 277878 bytes
(epstopdf)             Output file: <logo/nthu-eps-converted-to.pdf>
(epstopdf)                    date: 2016-05-15 16:33:55
(epstopdf)                    size: 108781 bytes
(epstopdf)             Command: <repstopdf --outfile=logo/nthu-eps-converted-to
.pdf logo/nthu.eps>
(epstopdf)             \includegraphics on input line 1.
Package epstopdf Info: Output file is already uptodate.
File: logo/nthu-eps-converted-to.pdf Graphic file (type pdf)

<use logo/nthu-eps-converted-to.pdf>
Package pdftex.def Info: logo/nthu-eps-converted-to.pdf used on input line 1.
(pdftex.def)             Requested size: 100.0pt x 100.54845pt.
 [26
color push 0 g 0 G
color pop


color push 0 g 0 G
color pop
]
Chapter 7.

LaTeX Warning: Citation `comed:' on page 27 undefined on input line 3.


LaTeX Warning: Citation `comed:' on page 27 undefined on input line 3.

Package epstopdf Info: Source file: <fig/x2010.eps>
(epstopdf)                    date: 2016-05-15 16:33:55
(epstopdf)                    size: 305576 bytes
(epstopdf)             Output file: <fig/x2010-eps-converted-to.pdf>
(epstopdf)                    date: 2016-05-15 16:33:55
(epstopdf)                    size: 29102 bytes
(epstopdf)             Command: <repstopdf --outfile=fig/x2010-eps-converted-to
.pdf fig/x2010.eps>
(epstopdf)             \includegraphics on input line 7.
Package epstopdf Info: Output file is already uptodate.
<fig/x2010-eps-converted-to.pdf, id=177, 485.815pt x 376.40625pt>
File: fig/x2010-eps-converted-to.pdf Graphic file (type pdf)

<use fig/x2010-eps-converted-to.pdf>
Package pdftex.def Info: fig/x2010-eps-converted-to.pdf used on input line 7.
(pdftex.def)             Requested size: 334.60422pt x 259.24962pt.
Package epstopdf Info: Source file: <logo/nthu.eps>
(epstopdf)                    date: 2016-05-15 16:33:55
(epstopdf)                    size: 277878 bytes
(epstopdf)             Output file: <logo/nthu-eps-converted-to.pdf>
(epstopdf)                    date: 2016-05-15 16:33:55
(epstopdf)                    size: 108781 bytes
(epstopdf)             Command: <repstopdf --outfile=logo/nthu-eps-converted-to
.pdf logo/nthu.eps>
(epstopdf)             \includegraphics on input line 11.
Package epstopdf Info: Output file is already uptodate.
File: logo/nthu-eps-converted-to.pdf Graphic file (type pdf)
 <use logo/nthu-eps-converted-to.pdf>
Package pdftex.def Info: logo/nthu-eps-converted-to.pdf used on input line 11.
(pdftex.def)             Requested size: 100.0pt x 100.54845pt.

[27
color push 0 g 0 G
color pop

color push 0 g 0 G
color pop
color push 0 g 0 G
color pop
]
Package epstopdf Info: Source file: <fig/p_RT2010.eps>
(epstopdf)                    date: 2016-05-15 16:33:55
(epstopdf)                    size: 305547 bytes
(epstopdf)             Output file: <fig/p_RT2010-eps-converted-to.pdf>
(epstopdf)                    date: 2016-05-15 16:33:55
(epstopdf)                    size: 28963 bytes
(epstopdf)             Command: <repstopdf --outfile=fig/p_RT2010-eps-converted
-to.pdf fig/p_RT2010.eps>
(epstopdf)             \includegraphics on input line 14.
Package epstopdf Info: Output file is already uptodate.
 <fig/p_RT2010-eps-converted-to.pdf, id=182, 499.8675pt x 380.42125pt>
File: fig/p_RT2010-eps-converted-to.pdf Graphic file (type pdf)

<use fig/p_RT2010-eps-converted-to.pdf>
Package pdftex.def Info: fig/p_RT2010-eps-converted-to.pdf used on input line 1
4.
(pdftex.def)             Requested size: 334.60422pt x 254.65451pt.
Package epstopdf Info: Source file: <fig/r2010.eps>
(epstopdf)                    date: 2016-05-15 16:33:55
(epstopdf)                    size: 348226 bytes
(epstopdf)             Output file: <fig/r2010-eps-converted-to.pdf>
(epstopdf)                    date: 2016-05-15 16:33:55
(epstopdf)                    size: 31191 bytes
(epstopdf)             Command: <repstopdf --outfile=fig/r2010-eps-converted-to
.pdf fig/r2010.eps>
(epstopdf)             \includegraphics on input line 21.
Package epstopdf Info: Output file is already uptodate.

<fig/r2010-eps-converted-to.pdf, id=183, 493.845pt x 380.42125pt>
File: fig/r2010-eps-converted-to.pdf Graphic file (type pdf)

<use fig/r2010-eps-converted-to.pdf>
Package pdftex.def Info: fig/r2010-eps-converted-to.pdf used on input line 21.
(pdftex.def)             Requested size: 334.60422pt x 257.74844pt.
Package epstopdf Info: Source file: <logo/nthu.eps>
(epstopdf)                    date: 2016-05-15 16:33:55
(epstopdf)                    size: 277878 bytes
(epstopdf)             Output file: <logo/nthu-eps-converted-to.pdf>
(epstopdf)                    date: 2016-05-15 16:33:55
(epstopdf)                    size: 108781 bytes
(epstopdf)             Command: <repstopdf --outfile=logo/nthu-eps-converted-to
.pdf logo/nthu.eps>
(epstopdf)             \includegraphics on input line 25.
Package epstopdf Info: Output file is already uptodate.
File: logo/nthu-eps-converted-to.pdf Graphic file (type pdf)
 <use logo/nthu-eps-converted-to.pdf>
Package pdftex.def Info: logo/nthu-eps-converted-to.pdf used on input line 25.
(pdftex.def)             Requested size: 100.0pt x 100.54845pt.

[28
color push 0 g 0 G
color pop
color push 0 g 0 G
color push 0 g 0 G
color pop
color pop
color push 0 g 0 G
color push 0 g 0 G
color pop
color pop
color push 0 g 0 G
color pop
 <./fig/x2010-eps-converted-to.pdf> <./fig/p_RT2010-eps-converted-to.pdf>]

LaTeX Warning: Citation `comed:' on page 29 undefined on input line 26.


LaTeX Warning: Citation `comed:' on page 29 undefined on input line 26.


LaTeX Warning: Citation `nrel:' on page 29 undefined on input line 30.

Package epstopdf Info: Source file: <logo/nthu.eps>
(epstopdf)                    date: 2016-05-15 16:33:55
(epstopdf)                    size: 277878 bytes
(epstopdf)             Output file: <logo/nthu-eps-converted-to.pdf>
(epstopdf)                    date: 2016-05-15 16:33:55
(epstopdf)                    size: 108781 bytes
(epstopdf)             Command: <repstopdf --outfile=logo/nthu-eps-converted-to
.pdf logo/nthu.eps>
(epstopdf)             \includegraphics on input line 34.
Package epstopdf Info: Output file is already uptodate.
File: logo/nthu-eps-converted-to.pdf Graphic file (type pdf)
<use logo/nthu-eps-converted-to.pdf>
Package pdftex.def Info: logo/nthu-eps-converted-to.pdf used on input line 34.
(pdftex.def)             Requested size: 100.0pt x 100.54845pt.
 [29
color push 0 g 0 G
color pop
color push 0 g 0 G
color push 0 g 0 G
color pop
color pop
color push 0 g 0 G
color pop
 <./fig/r2010-eps-converted-to.pdf>]
Package epstopdf Info: Source file: <fig/av_cost.eps>
(epstopdf)                    date: 2016-05-15 16:33:55
(epstopdf)                    size: 11934 bytes
(epstopdf)             Output file: <fig/av_cost-eps-converted-to.pdf>
(epstopdf)                    date: 2016-05-15 16:33:55
(epstopdf)                    size: 8500 bytes
(epstopdf)             Command: <repstopdf --outfile=fig/av_cost-eps-converted-
to.pdf fig/av_cost.eps>
(epstopdf)             \includegraphics on input line 45.
Package epstopdf Info: Output file is already uptodate.

<fig/av_cost-eps-converted-to.pdf, id=206, 526.96875pt x 406.51875pt>
File: fig/av_cost-eps-converted-to.pdf Graphic file (type pdf)

<use fig/av_cost-eps-converted-to.pdf>
Package pdftex.def Info: fig/av_cost-eps-converted-to.pdf used on input line 45
.
(pdftex.def)             Requested size: 334.60422pt x 258.13652pt.
Package epstopdf Info: Source file: <logo/nthu.eps>
(epstopdf)                    date: 2016-05-15 16:33:55
(epstopdf)                    size: 277878 bytes
(epstopdf)             Output file: <logo/nthu-eps-converted-to.pdf>
(epstopdf)                    date: 2016-05-15 16:33:55
(epstopdf)                    size: 108781 bytes
(epstopdf)             Command: <repstopdf --outfile=logo/nthu-eps-converted-to
.pdf logo/nthu.eps>
(epstopdf)             \includegraphics on input line 51.
Package epstopdf Info: Output file is already uptodate.
File: logo/nthu-eps-converted-to.pdf Graphic file (type pdf)
 <use logo/nthu-eps-converted-to.pdf>
Package pdftex.def Info: logo/nthu-eps-converted-to.pdf used on input line 51.
(pdftex.def)             Requested size: 100.0pt x 100.54845pt.

[30
color push 0 g 0 G
color pop
color push 0 g 0 G
color pop
]
Package epstopdf Info: Source file: <fig/av_cost_batt.eps>
(epstopdf)                    date: 2016-05-15 16:33:55
(epstopdf)                    size: 12458 bytes
(epstopdf)             Output file: <fig/av_cost_batt-eps-converted-to.pdf>
(epstopdf)                    date: 2016-05-15 16:33:55
(epstopdf)                    size: 9148 bytes
(epstopdf)             Command: <repstopdf --outfile=fig/av_cost_batt-eps-conve
rted-to.pdf fig/av_cost_batt.eps>
(epstopdf)             \includegraphics on input line 54.
Package epstopdf Info: Output file is already uptodate.

<fig/av_cost_batt-eps-converted-to.pdf, id=210, 526.96875pt x 406.51875pt>
File: fig/av_cost_batt-eps-converted-to.pdf Graphic file (type pdf)

<use fig/av_cost_batt-eps-converted-to.pdf>
Package pdftex.def Info: fig/av_cost_batt-eps-converted-to.pdf used on input li
ne 54.
(pdftex.def)             Requested size: 334.60422pt x 258.13652pt.
Package epstopdf Info: Source file: <logo/nthu.eps>
(epstopdf)                    date: 2016-05-15 16:33:55
(epstopdf)                    size: 277878 bytes
(epstopdf)             Output file: <logo/nthu-eps-converted-to.pdf>
(epstopdf)                    date: 2016-05-15 16:33:55
(epstopdf)                    size: 108781 bytes
(epstopdf)             Command: <repstopdf --outfile=logo/nthu-eps-converted-to
.pdf logo/nthu.eps>
(epstopdf)             \includegraphics on input line 58.
Package epstopdf Info: Output file is already uptodate.
File: logo/nthu-eps-converted-to.pdf Graphic file (type pdf)

<use logo/nthu-eps-converted-to.pdf>
Package pdftex.def Info: logo/nthu-eps-converted-to.pdf used on input line 58.
(pdftex.def)             Requested size: 100.0pt x 100.54845pt.
 [31
color push 0 g 0 G
color pop
color push 0 g 0 G
color push 0 g 0 G
color pop
color pop
color push 0 g 0 G
color pop
 <./fig/av_cost-eps-converted-to.pdf>]
Package epstopdf Info: Source file: <fig/av_cost_grid.eps>
(epstopdf)                    date: 2016-05-15 16:33:55
(epstopdf)                    size: 11940 bytes
(epstopdf)             Output file: <fig/av_cost_grid-eps-converted-to.pdf>
(epstopdf)                    date: 2016-05-15 16:33:55
(epstopdf)                    size: 8871 bytes
(epstopdf)             Command: <repstopdf --outfile=fig/av_cost_grid-eps-conve
rted-to.pdf fig/av_cost_grid.eps>
(epstopdf)             \includegraphics on input line 61.
Package epstopdf Info: Output file is already uptodate.

<fig/av_cost_grid-eps-converted-to.pdf, id=219, 526.96875pt x 406.51875pt>
File: fig/av_cost_grid-eps-converted-to.pdf Graphic file (type pdf)

<use fig/av_cost_grid-eps-converted-to.pdf>
Package pdftex.def Info: fig/av_cost_grid-eps-converted-to.pdf used on input li
ne 61.
(pdftex.def)             Requested size: 334.60422pt x 258.13652pt.
Package epstopdf Info: Source file: <logo/nthu.eps>
(epstopdf)                    date: 2016-05-15 16:33:55
(epstopdf)                    size: 277878 bytes
(epstopdf)             Output file: <logo/nthu-eps-converted-to.pdf>
(epstopdf)                    date: 2016-05-15 16:33:55
(epstopdf)                    size: 108781 bytes
(epstopdf)             Command: <repstopdf --outfile=logo/nthu-eps-converted-to
.pdf logo/nthu.eps>
(epstopdf)             \includegraphics on input line 67.
Package epstopdf Info: Output file is already uptodate.
File: logo/nthu-eps-converted-to.pdf Graphic file (type pdf)

<use logo/nthu-eps-converted-to.pdf>
Package pdftex.def Info: logo/nthu-eps-converted-to.pdf used on input line 67.
(pdftex.def)             Requested size: 100.0pt x 100.54845pt.
 [32
color push 0 g 0 G
color pop
color push 0 g 0 G
color push 0 g 0 G
color pop
color pop
color push 0 g 0 G
color push 0 g 0 G
color pop
color pop
color push 0 g 0 G
color pop
 <./fig/av_cost_batt-eps-converted-to.pdf> <./fig/av_cost_grid-eps-converted-to
.pdf>]
Package epstopdf Info: Source file: <fig/total_cost_1.eps>
(epstopdf)                    date: 2016-05-15 16:33:55
(epstopdf)                    size: 12167 bytes
(epstopdf)             Output file: <fig/total_cost_1-eps-converted-to.pdf>
(epstopdf)                    date: 2016-05-15 16:33:55
(epstopdf)                    size: 8740 bytes
(epstopdf)             Command: <repstopdf --outfile=fig/total_cost_1-eps-conve
rted-to.pdf fig/total_cost_1.eps>
(epstopdf)             \includegraphics on input line 74.
Package epstopdf Info: Output file is already uptodate.

<fig/total_cost_1-eps-converted-to.pdf, id=233, 526.96875pt x 406.51875pt>
File: fig/total_cost_1-eps-converted-to.pdf Graphic file (type pdf)

<use fig/total_cost_1-eps-converted-to.pdf>
Package pdftex.def Info: fig/total_cost_1-eps-converted-to.pdf used on input li
ne 74.
(pdftex.def)             Requested size: 334.60422pt x 258.13652pt.
Package epstopdf Info: Source file: <fig/total_cost_2.eps>
(epstopdf)                    date: 2016-05-15 16:33:55
(epstopdf)                    size: 11780 bytes
(epstopdf)             Output file: <fig/total_cost_2-eps-converted-to.pdf>
(epstopdf)                    date: 2016-05-15 16:33:55
(epstopdf)                    size: 8396 bytes
(epstopdf)             Command: <repstopdf --outfile=fig/total_cost_2-eps-conve
rted-to.pdf fig/total_cost_2.eps>
(epstopdf)             \includegraphics on input line 81.
Package epstopdf Info: Output file is already uptodate.

<fig/total_cost_2-eps-converted-to.pdf, id=234, 526.96875pt x 406.51875pt>
File: fig/total_cost_2-eps-converted-to.pdf Graphic file (type pdf)

<use fig/total_cost_2-eps-converted-to.pdf>
Package pdftex.def Info: fig/total_cost_2-eps-converted-to.pdf used on input li
ne 81.
(pdftex.def)             Requested size: 334.60422pt x 258.13652pt.
Package epstopdf Info: Source file: <fig/num_of_batt.eps>
(epstopdf)                    date: 2016-05-15 16:33:55
(epstopdf)                    size: 13535 bytes
(epstopdf)             Output file: <fig/num_of_batt-eps-converted-to.pdf>
(epstopdf)                    date: 2016-05-15 16:33:55
(epstopdf)                    size: 7983 bytes
(epstopdf)             Command: <repstopdf --outfile=fig/num_of_batt-eps-conver
ted-to.pdf fig/num_of_batt.eps>
(epstopdf)             \includegraphics on input line 88.
Package epstopdf Info: Output file is already uptodate.

<fig/num_of_batt-eps-converted-to.pdf, id=235, 501.875pt x 413.545pt>
File: fig/num_of_batt-eps-converted-to.pdf Graphic file (type pdf)

<use fig/num_of_batt-eps-converted-to.pdf>
Package pdftex.def Info: fig/num_of_batt-eps-converted-to.pdf used on input lin
e 88.
(pdftex.def)             Requested size: 334.60422pt x 275.72963pt.
Package epstopdf Info: Source file: <fig/av_cost_c2.eps>
(epstopdf)                    date: 2016-05-15 16:33:55
(epstopdf)                    size: 12719 bytes
(epstopdf)             Output file: <fig/av_cost_c2-eps-converted-to.pdf>
(epstopdf)                    date: 2016-05-15 16:33:55
(epstopdf)                    size: 8815 bytes
(epstopdf)             Command: <repstopdf --outfile=fig/av_cost_c2-eps-convert
ed-to.pdf fig/av_cost_c2.eps>
(epstopdf)             \includegraphics on input line 95.
Package epstopdf Info: Output file is already uptodate.

<fig/av_cost_c2-eps-converted-to.pdf, id=236, 536.0025pt x 414.54875pt>
File: fig/av_cost_c2-eps-converted-to.pdf Graphic file (type pdf)

<use fig/av_cost_c2-eps-converted-to.pdf>
Package pdftex.def Info: fig/av_cost_c2-eps-converted-to.pdf used on input line
 95.
(pdftex.def)             Requested size: 334.60422pt x 258.78238pt.
Package epstopdf Info: Source file: <fig/av_cost_p_batt.eps>
(epstopdf)                    date: 2016-05-15 16:33:55
(epstopdf)                    size: 12166 bytes
(epstopdf)             Output file: <fig/av_cost_p_batt-eps-converted-to.pdf>
(epstopdf)                    date: 2016-05-15 16:33:55
(epstopdf)                    size: 8851 bytes
(epstopdf)             Command: <repstopdf --outfile=fig/av_cost_p_batt-eps-con
verted-to.pdf fig/av_cost_p_batt.eps>
(epstopdf)             \includegraphics on input line 102.
Package epstopdf Info: Output file is already uptodate.

<fig/av_cost_p_batt-eps-converted-to.pdf, id=237, 530.98375pt x 406.51875pt>
File: fig/av_cost_p_batt-eps-converted-to.pdf Graphic file (type pdf)

<use fig/av_cost_p_batt-eps-converted-to.pdf>
Package pdftex.def Info: fig/av_cost_p_batt-eps-converted-to.pdf used on input 
line 102.
(pdftex.def)             Requested size: 334.60422pt x 256.17639pt.
) (./chapter/conclusion.tex
Package epstopdf Info: Source file: <logo/nthu.eps>
(epstopdf)                    date: 2016-05-15 16:33:55
(epstopdf)                    size: 277878 bytes
(epstopdf)             Output file: <logo/nthu-eps-converted-to.pdf>
(epstopdf)                    date: 2016-05-15 16:33:55
(epstopdf)                    size: 108781 bytes
(epstopdf)             Command: <repstopdf --outfile=logo/nthu-eps-converted-to
.pdf logo/nthu.eps>
(epstopdf)             \includegraphics on input line 1.
Package epstopdf Info: Output file is already uptodate.
File: logo/nthu-eps-converted-to.pdf Graphic file (type pdf)

<use logo/nthu-eps-converted-to.pdf>
Package pdftex.def Info: logo/nthu-eps-converted-to.pdf used on input line 1.
(pdftex.def)             Requested size: 100.0pt x 100.54845pt.
 [33
color push 0 g 0 G
color pop
color push 0 g 0 G
color pop
]
Package epstopdf Info: Source file: <logo/nthu.eps>
(epstopdf)                    date: 2016-05-15 16:33:55
(epstopdf)                    size: 277878 bytes
(epstopdf)             Output file: <logo/nthu-eps-converted-to.pdf>
(epstopdf)                    date: 2016-05-15 16:33:55
(epstopdf)                    size: 108781 bytes
(epstopdf)             Command: <repstopdf --outfile=logo/nthu-eps-converted-to
.pdf logo/nthu.eps>
(epstopdf)             \includegraphics on input line 1.
Package epstopdf Info: Output file is already uptodate.
File: logo/nthu-eps-converted-to.pdf Graphic file (type pdf)
 <use logo/nthu-eps-converted-to.pdf>
Package pdftex.def Info: logo/nthu-eps-converted-to.pdf used on input line 1.
(pdftex.def)             Requested size: 100.0pt x 100.54845pt.

[34
color push 0 g 0 G
color pop
color push 0 g 0 G
color push 0 g 0 G
color pop
color pop
color push 0 g 0 G
color push 0 g 0 G
color pop
color pop
color push 0 g 0 G
color pop
 <./fig/total_cost_1-eps-converted-to.pdf> <./fig/total_cost_2-eps-converted-to
.pdf>]
Package epstopdf Info: Source file: <logo/nthu.eps>
(epstopdf)                    date: 2016-05-15 16:33:55
(epstopdf)                    size: 277878 bytes
(epstopdf)             Output file: <logo/nthu-eps-converted-to.pdf>
(epstopdf)                    date: 2016-05-15 16:33:55
(epstopdf)                    size: 108781 bytes
(epstopdf)             Command: <repstopdf --outfile=logo/nthu-eps-converted-to
.pdf logo/nthu.eps>
(epstopdf)             \includegraphics on input line 1.
Package epstopdf Info: Output file is already uptodate.
File: logo/nthu-eps-converted-to.pdf Graphic file (type pdf)
 <use logo/nthu-eps-converted-to.pdf>
Package pdftex.def Info: logo/nthu-eps-converted-to.pdf used on input line 1.
(pdftex.def)             Requested size: 100.0pt x 100.54845pt.
 [35
color push 0 g 0 G
color pop
color push 0 g 0 G
color push 0 g 0 G
color pop
color pop
color push 0 g 0 G
color pop
 <./fig/num_of_batt-eps-converted-to.pdf>]
Package epstopdf Info: Source file: <logo/nthu.eps>
(epstopdf)                    date: 2016-05-15 16:33:55
(epstopdf)                    size: 277878 bytes
(epstopdf)             Output file: <logo/nthu-eps-converted-to.pdf>
(epstopdf)                    date: 2016-05-15 16:33:55
(epstopdf)                    size: 108781 bytes
(epstopdf)             Command: <repstopdf --outfile=logo/nthu-eps-converted-to
.pdf logo/nthu.eps>
(epstopdf)             \includegraphics on input line 1.
Package epstopdf Info: Output file is already uptodate.
File: logo/nthu-eps-converted-to.pdf Graphic file (type pdf)
 <use logo/nthu-eps-converted-to.pdf>
Package pdftex.def Info: logo/nthu-eps-converted-to.pdf used on input line 1.
(pdftex.def)             Requested size: 100.0pt x 100.54845pt.
 [36
color push 0 g 0 G
color pop
color push 0 g 0 G
color push 0 g 0 G
color pop
color pop
color push 0 g 0 G
color push 0 g 0 G
color pop
color pop
color push 0 g 0 G
color pop
 <./fig/av_cost_c2-eps-converted-to.pdf> <./fig/av_cost_p_batt-eps-converted-to
.pdf>]
Chapter 8.
) (./template.bbl
Package epstopdf Info: Source file: <logo/nthu.eps>
(epstopdf)                    date: 2016-05-15 16:33:55
(epstopdf)                    size: 277878 bytes
(epstopdf)             Output file: <logo/nthu-eps-converted-to.pdf>
(epstopdf)                    date: 2016-05-15 16:33:55
(epstopdf)                    size: 108781 bytes
(epstopdf)             Command: <repstopdf --outfile=logo/nthu-eps-converted-to
.pdf logo/nthu.eps>
(epstopdf)             \includegraphics on input line 1.
Package epstopdf Info: Output file is already uptodate.
File: logo/nthu-eps-converted-to.pdf Graphic file (type pdf)
 <use logo/nthu-eps-converted-to.pdf>
Package pdftex.def Info: logo/nthu-eps-converted-to.pdf used on input line 1.
(pdftex.def)             Requested size: 100.0pt x 100.54845pt.
 [37
color push 0 g 0 G
color pop

color push 0 g 0 G
color pop
]
Package epstopdf Info: Source file: <logo/nthu.eps>
(epstopdf)                    date: 2016-05-15 16:33:55
(epstopdf)                    size: 277878 bytes
(epstopdf)             Output file: <logo/nthu-eps-converted-to.pdf>
(epstopdf)                    date: 2016-05-15 16:33:55
(epstopdf)                    size: 108781 bytes
(epstopdf)             Command: <repstopdf --outfile=logo/nthu-eps-converted-to
.pdf logo/nthu.eps>
(epstopdf)             \includegraphics on input line 47.
Package epstopdf Info: Output file is already uptodate.
File: logo/nthu-eps-converted-to.pdf Graphic file (type pdf)

<use logo/nthu-eps-converted-to.pdf>
Package pdftex.def Info: logo/nthu-eps-converted-to.pdf used on input line 47.
(pdftex.def)             Requested size: 100.0pt x 100.54845pt.
 [38
color push 0 g 0 G
color pop

color push 0 g 0 G
color pop
color push 0 g 0 G
color pop
color push 0 g 0 G
color pop
color push 0 g 0 G
color pop
color push 0 g 0 G
color pop
color push 0 g 0 G
color pop
color push 0 g 0 G
color pop
color push 0 g 0 G
color pop
]
Underfull \hbox (badness 1354) in paragraph at lines 49--53
[]\OT1/cmr/m/n/12 Akshay Agrawal, Ja-gadish Venka-tra-man, Shane Leonard, and A
n-dreas
 []

)
Package epstopdf Info: Source file: <logo/nthu.eps>
(epstopdf)                    date: 2016-05-15 16:33:55
(epstopdf)                    size: 277878 bytes
(epstopdf)             Output file: <logo/nthu-eps-converted-to.pdf>
(epstopdf)                    date: 2016-05-15 16:33:55
(epstopdf)                    size: 108781 bytes
(epstopdf)             Command: <repstopdf --outfile=logo/nthu-eps-converted-to
.pdf logo/nthu.eps>
(epstopdf)             \includegraphics on input line 66.
Package epstopdf Info: Output file is already uptodate.
File: logo/nthu-eps-converted-to.pdf Graphic file (type pdf)
 <use logo/nthu-eps-converted-to.pdf>
Package pdftex.def Info: logo/nthu-eps-converted-to.pdf used on input line 66.
(pdftex.def)             Requested size: 100.0pt x 100.54845pt.
 [39
color push 0 g 0 G
color pop
color push 0 g 0 G
color pop
color push 0 g 0 G
color pop
color push 0 g 0 G
color pop
] (./template.aux)

LaTeX Warning: There were undefined references.

 ) 
Here is how much of TeX's memory you used:
 7213 strings out of 493089
 103151 string characters out of 6134842
 220271 words of memory out of 5000000
 10476 multiletter control sequences out of 15000+600000
 18260 words of font info for 68 fonts, out of 8000000 for 9000
 1141 hyphenation exceptions out of 8191
 39i,25n,42p,1962b,572s stack positions out of 5000i,500n,10000p,200000b,80000s
</usr/local/texlive/2015/texmf-dist/fonts/type1/public/amsfonts/cm/cmbx12.pfb
></usr/local/texlive/2015/texmf-dist/fonts/type1/public/amsfonts/cm/cmbx8.pfb><
/usr/local/texlive/2015/texmf-dist/fonts/type1/public/amsfonts/cm/cmex10.pfb></
usr/local/texlive/2015/texmf-dist/fonts/type1/public/amsfonts/cmextra/cmex8.pfb
></usr/local/texlive/2015/texmf-dist/fonts/type1/public/amsfonts/cm/cmmi10.pfb>
</usr/local/texlive/2015/texmf-dist/fonts/type1/public/amsfonts/cm/cmmi12.pfb><
/usr/local/texlive/2015/texmf-dist/fonts/type1/public/amsfonts/cm/cmmi6.pfb></u
sr/local/texlive/2015/texmf-dist/fonts/type1/public/amsfonts/cm/cmmi7.pfb></usr
/local/texlive/2015/texmf-dist/fonts/type1/public/amsfonts/cm/cmmi8.pfb></usr/l
ocal/texlive/2015/texmf-dist/fonts/type1/public/amsfonts/cm/cmmib10.pfb></usr/l
ocal/texlive/2015/texmf-dist/fonts/type1/public/amsfonts/cmextra/cmmib8.pfb></u
sr/local/texlive/2015/texmf-dist/fonts/type1/public/amsfonts/cm/cmr10.pfb></usr
/local/texlive/2015/texmf-dist/fonts/type1/public/amsfonts/cm/cmr12.pfb></usr/l
ocal/texlive/2015/texmf-dist/fonts/type1/public/amsfonts/cm/cmr17.pfb></usr/loc
al/texlive/2015/texmf-dist/fonts/type1/public/amsfonts/cm/cmr6.pfb></usr/local/
texlive/2015/texmf-dist/fonts/type1/public/amsfonts/cm/cmr7.pfb></usr/local/tex
live/2015/texmf-dist/fonts/type1/public/amsfonts/cm/cmr8.pfb></usr/local/texliv
e/2015/texmf-dist/fonts/type1/public/amsfonts/cm/cmsy10.pfb></usr/local/texlive
/2015/texmf-dist/fonts/type1/public/amsfonts/cm/cmsy6.pfb></usr/local/texlive/2
015/texmf-dist/fonts/type1/public/amsfonts/cm/cmsy8.pfb></usr/local/texlive/201
5/texmf-dist/fonts/type1/public/amsfonts/cm/cmti12.pfb></usr/local/texlive/2015
/texmf-dist/fonts/type1/public/amsfonts/cm/cmti8.pfb></usr/local/texlive/2015/t
exmf-dist/fonts/type1/public/amsfonts/cm/cmtt12.pfb></usr/local/texlive/2015/te
xmf-dist/fonts/type1/public/amsfonts/symbols/msam10.pfb></usr/local/texlive/201
5/texmf-dist/fonts/type1/public/amsfonts/symbols/msbm10.pfb>
Output written on template.pdf (42 pages, 582470 bytes).
PDF statistics:
 360 PDF objects out of 1000 (max. 8388607)
 256 compressed objects within 3 object streams
 0 named destinations out of 1000 (max. 500000)
 71 words of extra memory for PDF output out of 10000 (max. 10000000)

